-------------------------------------------------------------------------------
Test set: GrilleImplTest
-------------------------------------------------------------------------------
Tests run: 13, Failures: 1, Errors: 0, Skipped: 0, Time elapsed: 0.031 s <<< FAILURE! - in GrilleImplTest
possible16x16  Time elapsed: 0.003 s  <<< FAILURE!
org.opentest4j.AssertionFailedError: a ==> Expected java.lang.IllegalArgumentException to be thrown, but nothing was thrown.
	at GrilleImplTest.possible16x16(GrilleImplTest.java:145)

