<?xml version="1.0" encoding="UTF-8"?>
<testsuite xmlns:xsi="http://www.w3.org/2001/XMLSchema-instance" xsi:noNamespaceSchemaLocation="https://maven.apache.org/surefire/maven-surefire-plugin/xsd/surefire-test-report-3.0.xsd" version="3.0" name="GrilleImplTest" time="0.031" tests="13" errors="0" skipped="0" failures="1">
  <properties>
[...]
</properties>
  <testcase name="setValue16x16" classname="GrilleImplTest" time="0.003"/>
  <testcase name="possible9x9" classname="GrilleImplTest" time="0"/>
  <testcase name="getDimension16x16" classname="GrilleImplTest" time="0"/>
  <testcase name="grilleImpl9x9" classname="GrilleImplTest" time="0"/>
  <testcase name="possible16x16" classname="GrilleImplTest" time="0.003">
    <failure message="a ==&gt; Expected java.lang.IllegalArgumentException to be thrown, but nothing was thrown." type="org.opentest4j.AssertionFailedError">org.opentest4j.AssertionFailedError: a ==> Expected java.lang.IllegalArgumentException to be thrown, but nothing was thrown.
	at GrilleImplTest.possible16x16(GrilleImplTest.java:145)
</failure>
  </testcase>
  <testcase name="testCheckBornes" classname="GrilleImplTest" time="0"/>
  <testcase name="complete16x16" classname="GrilleImplTest" time="0"/>
  <testcase name="getDimension9x9" classname="GrilleImplTest" time="0"/>
  <testcase name="complete9x9" classname="GrilleImplTest" time="0"/>
  <testcase name="setValue9x9" classname="GrilleImplTest" time="0"/>
  <testcase name="getValue9x9" classname="GrilleImplTest" time="0"/>
  <testcase name="grilleImpl16x16" classname="GrilleImplTest" time="0"/>
  <testcase name="getValue16x16" classname="GrilleImplTest" time="0"/>
</testsuite>